<?xml version="1.0" encoding="UTF-8"?>
<testng-results skipped="0" failed="0" ignored="0" total="2" passed="2">
  <reporter-output>
  </reporter-output>
  <suite name="Default suite" duration-ms="18430" started-at="2021-03-13T01:06:58 EST" finished-at="2021-03-13T01:07:16 EST">
    <groups>
    </groups>
    <test name="Default test" duration-ms="18430" started-at="2021-03-13T01:06:58 EST" finished-at="2021-03-13T01:07:16 EST">
      <class name="variousConcepts.Login_Test_TestNG">
        <test-method status="PASS" signature="readConfig()[pri:0, instance:variousConcepts.Login_Test_TestNG@26aa12dd]" name="readConfig" is-config="true" duration-ms="12" started-at="2021-03-13T01:06:58 EST" finished-at="2021-03-13T01:06:58 EST">
          <reporter-output>
          </reporter-output>
        </test-method> <!-- readConfig -->
        <test-method status="PASS" signature="init()[pri:0, instance:variousConcepts.Login_Test_TestNG@26aa12dd]" name="init" is-config="true" duration-ms="4709" started-at="2021-03-13T01:06:58 EST" finished-at="2021-03-13T01:07:03 EST">
          <reporter-output>
          </reporter-output>
        </test-method> <!-- init -->
        <test-method status="PASS" signature="loginTest()[pri:1, instance:variousConcepts.Login_Test_TestNG@26aa12dd]" name="loginTest" duration-ms="2598" started-at="2021-03-13T01:07:03 EST" finished-at="2021-03-13T01:07:05 EST">
          <reporter-output>
          </reporter-output>
        </test-method> <!-- loginTest -->
        <test-method status="PASS" signature="tearDown()[pri:0, instance:variousConcepts.Login_Test_TestNG@26aa12dd]" name="tearDown" is-config="true" duration-ms="733" started-at="2021-03-13T01:07:05 EST" finished-at="2021-03-13T01:07:06 EST">
          <reporter-output>
          </reporter-output>
        </test-method> <!-- tearDown -->
        <test-method status="PASS" signature="init()[pri:0, instance:variousConcepts.Login_Test_TestNG@26aa12dd]" name="init" is-config="true" duration-ms="3422" started-at="2021-03-13T01:07:06 EST" finished-at="2021-03-13T01:07:09 EST">
          <reporter-output>
          </reporter-output>
        </test-method> <!-- init -->
        <test-method status="PASS" signature="addCustomerTest()[pri:2, instance:variousConcepts.Login_Test_TestNG@26aa12dd]" name="addCustomerTest" duration-ms="6190" started-at="2021-03-13T01:07:09 EST" finished-at="2021-03-13T01:07:16 EST">
          <reporter-output>
          </reporter-output>
        </test-method> <!-- addCustomerTest -->
        <test-method status="PASS" signature="tearDown()[pri:0, instance:variousConcepts.Login_Test_TestNG@26aa12dd]" name="tearDown" is-config="true" duration-ms="717" started-at="2021-03-13T01:07:16 EST" finished-at="2021-03-13T01:07:16 EST">
          <reporter-output>
          </reporter-output>
        </test-method> <!-- tearDown -->
      </class> <!-- variousConcepts.Login_Test_TestNG -->
    </test> <!-- Default test -->
  </suite> <!-- Default suite -->
</testng-results>
